<?xml version="1.0" encoding="UTF-8"?>
<!-- Generated by org.testng.reporters.JUnitReportReporter -->
<testsuite skipped="0" hostname="DESKTOP-8OBLECF" name="orangeHRM.testcases.CreateUserFromAdmin" tests="3" failures="0" timestamp="19 Jan 2020 04:05:09 GMT" time="17.415" errors="0">
  <testcase name="verifyPage" time="0.367" classname="orangeHRM.testcases.CreateUserFromAdmin"/>
  <testcase name="loginToApplication" time="7.810" classname="orangeHRM.testcases.CreateUserFromAdmin"/>
  <testcase name="logoutFromApplication" time="9.238" classname="orangeHRM.testcases.CreateUserFromAdmin"/>
</testsuite> <!-- orangeHRM.testcases.CreateUserFromAdmin -->
