<?xml version="1.0" encoding="UTF-8"?>
<!-- Generated by org.testng.reporters.JUnitReportReporter -->
<testsuite skipped="0" hostname="DESKTOP-8OBLECF" name="orangeHRM.testcases.LoginScenarios" tests="3" failures="0" timestamp="19 Jan 2020 04:05:09 GMT" time="12.085" errors="0">
  <testcase name="verifyPage" time="0.359" classname="orangeHRM.testcases.LoginScenarios"/>
  <testcase name="loginToApplication" time="7.377" classname="orangeHRM.testcases.LoginScenarios"/>
  <testcase name="logoutFromApplication" time="4.349" classname="orangeHRM.testcases.LoginScenarios"/>
</testsuite> <!-- orangeHRM.testcases.LoginScenarios -->
